<?xml version="1.0" encoding="UTF-8"?>
<testng-results skipped="0" failed="0" ignored="0" total="7" passed="7">
  <reporter-output>
  </reporter-output>
  <suite name="Suite" duration-ms="206" started-at="2019-07-06T04:07:50Z" finished-at="2019-07-06T04:07:50Z">
    <groups>
    </groups>
    <test name="TestCase1" duration-ms="120" started-at="2019-07-06T04:07:50Z" finished-at="2019-07-06T04:07:50Z">
      <class name="testng.Annotations1">
        <test-method status="PASS" signature="beforeClass()[pri:0, instance:testng.Annotations1@d25987]" name="beforeClass" is-config="true" duration-ms="1" started-at="2019-07-06T04:07:50Z" finished-at="2019-07-06T04:07:50Z">
          <reporter-output>
          </reporter-output>
        </test-method> <!-- beforeClass -->
        <test-method status="PASS" signature="beforeMethod()[pri:0, instance:testng.Annotations1@d25987]" name="beforeMethod" is-config="true" duration-ms="1" started-at="2019-07-06T04:07:50Z" finished-at="2019-07-06T04:07:50Z">
          <reporter-output>
          </reporter-output>
        </test-method> <!-- beforeMethod -->
        <test-method status="PASS" signature="test()[pri:0, instance:testng.Annotations1@d25987]" name="test" duration-ms="8" started-at="2019-07-06T04:07:50Z" finished-at="2019-07-06T04:07:50Z">
          <reporter-output>
          </reporter-output>
        </test-method> <!-- test -->
        <test-method status="PASS" signature="AfterMethod()[pri:0, instance:testng.Annotations1@d25987]" name="AfterMethod" is-config="true" duration-ms="0" started-at="2019-07-06T04:07:50Z" finished-at="2019-07-06T04:07:50Z">
          <reporter-output>
          </reporter-output>
        </test-method> <!-- AfterMethod -->
        <test-method status="PASS" signature="beforeMethod()[pri:0, instance:testng.Annotations1@d25987]" name="beforeMethod" is-config="true" duration-ms="0" started-at="2019-07-06T04:07:50Z" finished-at="2019-07-06T04:07:50Z">
          <reporter-output>
          </reporter-output>
        </test-method> <!-- beforeMethod -->
        <test-method status="PASS" signature="test1()[pri:0, instance:testng.Annotations1@d25987]" name="test1" duration-ms="7" started-at="2019-07-06T04:07:50Z" finished-at="2019-07-06T04:07:50Z">
          <reporter-output>
          </reporter-output>
        </test-method> <!-- test1 -->
        <test-method status="PASS" signature="AfterMethod()[pri:0, instance:testng.Annotations1@d25987]" name="AfterMethod" is-config="true" duration-ms="1" started-at="2019-07-06T04:07:50Z" finished-at="2019-07-06T04:07:50Z">
          <reporter-output>
          </reporter-output>
        </test-method> <!-- AfterMethod -->
        <test-method status="PASS" signature="AfterClass()[pri:0, instance:testng.Annotations1@d25987]" name="AfterClass" is-config="true" duration-ms="3" started-at="2019-07-06T04:07:50Z" finished-at="2019-07-06T04:07:50Z">
          <reporter-output>
          </reporter-output>
        </test-method> <!-- AfterClass -->
      </class> <!-- testng.Annotations1 -->
      <class name="testng.Test1">
        <test-method status="PASS" signature="f()[pri:0, instance:testng.Test1@3884b2]" name="f" duration-ms="10" started-at="2019-07-06T04:07:50Z" finished-at="2019-07-06T04:07:50Z">
          <reporter-output>
          </reporter-output>
        </test-method> <!-- f -->
        <test-method status="PASS" signature="f1()[pri:0, instance:testng.Test1@3884b2]" name="f1" duration-ms="5" started-at="2019-07-06T04:07:50Z" finished-at="2019-07-06T04:07:50Z">
          <reporter-output>
          </reporter-output>
        </test-method> <!-- f1 -->
      </class> <!-- testng.Test1 -->
      <class name="testng.Annotations">
        <test-method status="PASS" signature="beforeTest()[pri:0, instance:testng.Annotations@101b7af]" name="beforeTest" is-config="true" duration-ms="0" started-at="2019-07-06T04:07:50Z" finished-at="2019-07-06T04:07:50Z">
          <reporter-output>
          </reporter-output>
        </test-method> <!-- beforeTest -->
        <test-method status="PASS" signature="beforeTest()[pri:0, instance:testng.Annotations1@d25987]" name="beforeTest" is-config="true" duration-ms="0" started-at="2019-07-06T04:07:50Z" finished-at="2019-07-06T04:07:50Z">
          <reporter-output>
          </reporter-output>
        </test-method> <!-- beforeTest -->
        <test-method status="PASS" signature="beforeClass()[pri:0, instance:testng.Annotations@101b7af]" name="beforeClass" is-config="true" duration-ms="0" started-at="2019-07-06T04:07:50Z" finished-at="2019-07-06T04:07:50Z">
          <reporter-output>
          </reporter-output>
        </test-method> <!-- beforeClass -->
        <test-method status="PASS" signature="test()[pri:0, instance:testng.Annotations@101b7af]" name="test" duration-ms="4" started-at="2019-07-06T04:07:50Z" finished-at="2019-07-06T04:07:50Z">
          <reporter-output>
          </reporter-output>
        </test-method> <!-- test -->
        <test-method status="PASS" signature="beforeMethod()[pri:0, instance:testng.Annotations@101b7af]" name="beforeMethod" is-config="true" duration-ms="0" started-at="2019-07-06T04:07:50Z" finished-at="2019-07-06T04:07:50Z">
          <reporter-output>
          </reporter-output>
        </test-method> <!-- beforeMethod -->
        <test-method status="PASS" signature="AfterMethod()[pri:0, instance:testng.Annotations@101b7af]" name="AfterMethod" is-config="true" duration-ms="0" started-at="2019-07-06T04:07:50Z" finished-at="2019-07-06T04:07:50Z">
          <reporter-output>
          </reporter-output>
        </test-method> <!-- AfterMethod -->
        <test-method status="PASS" signature="AfterTest()[pri:0, instance:testng.Annotations@101b7af]" name="AfterTest" is-config="true" duration-ms="1" started-at="2019-07-06T04:07:50Z" finished-at="2019-07-06T04:07:50Z">
          <reporter-output>
          </reporter-output>
        </test-method> <!-- AfterTest -->
        <test-method status="PASS" signature="AfterClass()[pri:0, instance:testng.Annotations@101b7af]" name="AfterClass" is-config="true" duration-ms="0" started-at="2019-07-06T04:07:50Z" finished-at="2019-07-06T04:07:50Z">
          <reporter-output>
          </reporter-output>
        </test-method> <!-- AfterClass -->
        <test-method status="PASS" signature="AfterTest()[pri:0, instance:testng.Annotations1@d25987]" name="AfterTest" is-config="true" duration-ms="0" started-at="2019-07-06T04:07:50Z" finished-at="2019-07-06T04:07:50Z">
          <reporter-output>
          </reporter-output>
        </test-method> <!-- AfterTest -->
      </class> <!-- testng.Annotations -->
    </test> <!-- TestCase1 -->
    <test name="TestCase2" duration-ms="9" started-at="2019-07-06T04:07:50Z" finished-at="2019-07-06T04:07:50Z">
      <class name="testng.Test1">
        <test-method status="PASS" signature="f()[pri:0, instance:testng.Test1@968a59]" name="f" duration-ms="1" started-at="2019-07-06T04:07:50Z" finished-at="2019-07-06T04:07:50Z">
          <reporter-output>
          </reporter-output>
        </test-method> <!-- f -->
        <test-method status="PASS" signature="f1()[pri:0, instance:testng.Test1@968a59]" name="f1" duration-ms="2" started-at="2019-07-06T04:07:50Z" finished-at="2019-07-06T04:07:50Z">
          <reporter-output>
          </reporter-output>
        </test-method> <!-- f1 -->
      </class> <!-- testng.Test1 -->
      <class name="testng.Annotations">
        <test-method status="PASS" signature="beforeSuite()[pri:0, instance:testng.Annotations@101b7af]" name="beforeSuite" is-config="true" duration-ms="19" started-at="2019-07-06T04:07:50Z" finished-at="2019-07-06T04:07:50Z">
          <reporter-output>
          </reporter-output>
        </test-method> <!-- beforeSuite -->
        <test-method status="PASS" signature="beforeSuite()[pri:0, instance:testng.Annotations1@d25987]" name="beforeSuite" is-config="true" duration-ms="1" started-at="2019-07-06T04:07:50Z" finished-at="2019-07-06T04:07:50Z">
          <reporter-output>
          </reporter-output>
        </test-method> <!-- beforeSuite -->
        <test-method status="PASS" signature="AfterSuite()[pri:0, instance:testng.Annotations@101b7af]" name="AfterSuite" is-config="true" duration-ms="0" started-at="2019-07-06T04:07:50Z" finished-at="2019-07-06T04:07:50Z">
          <reporter-output>
          </reporter-output>
        </test-method> <!-- AfterSuite -->
        <test-method status="PASS" signature="AfterSuite()[pri:0, instance:testng.Annotations1@d25987]" name="AfterSuite" is-config="true" duration-ms="0" started-at="2019-07-06T04:07:50Z" finished-at="2019-07-06T04:07:50Z">
          <reporter-output>
          </reporter-output>
        </test-method> <!-- AfterSuite -->
      </class> <!-- testng.Annotations -->
    </test> <!-- TestCase2 -->
  </suite> <!-- Suite -->
</testng-results>
