<?xml version="1.0" encoding="UTF-8"?>
<!-- Generated by org.testng.reporters.JUnitXMLReporter -->
<testsuite hostname="Srinivas-PC" ignored="0" name="TestCase1" tests="5" failures="0" timestamp="06 Jul 2019 04:07:50 GMT" time="0.12" errors="0">
  <testcase name="f" time="0.01" classname="testng.Test1"/>
  <testcase name="f1" time="0.005" classname="testng.Test1"/>
  <testcase name="test" time="0.008" classname="testng.Annotations1"/>
  <testcase name="test1" time="0.007" classname="testng.Annotations1"/>
  <testcase name="test" time="0.004" classname="testng.Annotations"/>
</testsuite> <!-- TestCase1 -->
